Importer Log Report
Document: C:\Users\vetleba\Documents\SKOLE\Fordypningsprosjekt\cSLIM_nRF9160-DK_shield\cSLIM-SHIELD\cSLIM-shield.kicad_pcb
    Section : Analyze Document from - C:\Users\vetleba\Documents\SKOLE\Fordypningsprosjekt\cSLIM_nRF9160-DK_shield\cSLIM-SHIELD\cSLIM-shield.kicad_pcb
        Warning: Pad name is empty, autogenerated name 'Un1' assigned to pad pad.
        Warning: Pad name is empty, autogenerated name 'Un2' assigned to pad pad.
        Warning: Pad name is empty, autogenerated name 'Un3' assigned to pad pad.
        Warning: Pad name is empty, autogenerated name 'Un4' assigned to pad pad.
        Warning: Pad name is empty, autogenerated name 'Un5' assigned to pad pad.
        Warning: Pad name is empty, autogenerated name 'Un6' assigned to pad pad.
        Warning: Unknown child layers of zone.
        Error: Cannot construct segment from node 'zone' because layer is undefined.
        Warning: Unknown child layers of zone.
        Error: Cannot construct segment from node 'zone' because layer is undefined.
    EndSection
    Section : Import Document - C:\Users\vetleba\Documents\SKOLE\Fordypningsprosjekt\cSLIM_nRF9160-DK_shield\cSLIM-SHIELD\Imported cSLIM-shield\cSLIM-shield.PcbDoc
        Section : Component R801 importing.
        EndSection
        Section : Component P101 importing.
        EndSection
        Section : Component P102 importing.
        EndSection
        Section : Component P104 importing.
        EndSection
        Section : Component P105 importing.
        EndSection
        Section : Component H101 importing.
        EndSection
        Section : Component H102 importing.
        EndSection
        Section : Component H103 importing.
        EndSection
        Section : Component H106 importing.
        EndSection
        Section : Component P106 importing.
        EndSection
        Section : Component H104 importing.
        EndSection
        Section : Component H105 importing.
        EndSection
        Section : Component C301 importing.
        EndSection
        Section : Component C401 importing.
        EndSection
        Section : Component C402 importing.
        EndSection
        Section : Component C403 importing.
        EndSection
        Section : Component C404 importing.
        EndSection
        Section : Component C405 importing.
        EndSection
        Section : Component C501 importing.
        EndSection
        Section : Component C601 importing.
        EndSection
        Section : Component C602 importing.
        EndSection
        Section : Component C603 importing.
        EndSection
        Section : Component C604 importing.
        EndSection
        Section : Component C605 importing.
        EndSection
        Section : Component C606 importing.
        EndSection
        Section : Component C607 importing.
        EndSection
        Section : Component C901 importing.
        EndSection
        Section : Component C902 importing.
        EndSection
        Section : Component C1001 importing.
        EndSection
        Section : Component FB501 importing.
        EndSection
        Section : Component IC201 importing.
        EndSection
        Section : Component IC301 importing.
        EndSection
        Section : Component IC302 importing.
        EndSection
        Section : Component IC401 importing.
        EndSection
        Section : Component IC601 importing.
        EndSection
        Section : Component IC701 importing.
        EndSection
        Section : Component IC702 importing.
        EndSection
        Section : Component IC901 importing.
        EndSection
        Section : Component IC902 importing.
        EndSection
        Section : Component IC903 importing.
        EndSection
        Section : Component J101 importing.
        EndSection
        Section : Component J102 importing.
        EndSection
        Section : Component J501 importing.
        EndSection
        Section : Component J502 importing.
        EndSection
        Section : Component J503 importing.
        EndSection
        Section : Component J506 importing.
        EndSection
        Section : Component J507 importing.
        EndSection
        Section : Component J508 importing.
        EndSection
        Section : Component J509 importing.
        EndSection
        Section : Component L601 importing.
        EndSection
        Section : Component L901 importing.
        EndSection
        Section : Component LED501 importing.
        EndSection
        Section : Component LED502 importing.
        EndSection
        Section : Component LED503 importing.
        EndSection
        Section : Component LED504 importing.
        EndSection
        Section : Component Q901 importing.
        EndSection
        Section : Component R301 importing.
        EndSection
        Section : Component R501 importing.
        EndSection
        Section : Component R502 importing.
        EndSection
        Section : Component R503 importing.
        EndSection
        Section : Component R504 importing.
        EndSection
        Section : Component R505 importing.
        EndSection
        Section : Component R506 importing.
        EndSection
        Section : Component R507 importing.
        EndSection
        Section : Component R508 importing.
        EndSection
        Section : Component R509 importing.
        EndSection
        Section : Component R601 importing.
        EndSection
        Section : Component R602 importing.
        EndSection
        Section : Component R603 importing.
        EndSection
        Section : Component R604 importing.
        EndSection
        Section : Component R605 importing.
        EndSection
        Section : Component R606 importing.
        EndSection
        Section : Component R607 importing.
        EndSection
        Section : Component R608 importing.
        EndSection
        Section : Component R609 importing.
        EndSection
        Section : Component R701 importing.
        EndSection
        Section : Component R702 importing.
        EndSection
        Section : Component R703 importing.
        EndSection
        Section : Component R901 importing.
        EndSection
        Section : Component R902 importing.
        EndSection
        Section : Component R903 importing.
        EndSection
        Section : Component R904 importing.
        EndSection
        Section : Component R905 importing.
        EndSection
        Section : Component R906 importing.
        EndSection
        Section : Component R1001 importing.
        EndSection
        Section : Component R1002 importing.
        EndSection
        Section : Component R1003 importing.
        EndSection
        Section : Component S201 importing.
        EndSection
        Section : Component S601 importing.
        EndSection
        Section : Component U501 importing.
        EndSection
        Section : Component U601 importing.
            Warning: Custom pad '11' shape 'anchor rect' translated to 'eRectangular'
        EndSection
        Section : Component IC801 importing.
        EndSection
        Section : Component R802 importing.
        EndSection
        Section : Component IC202 importing.
        EndSection
        Section : Component LED505 importing.
        EndSection
        Section : Component R203 importing.
        EndSection
        Section : Component R510 importing.
        EndSection
        Section : Component J505 importing.
        EndSection
        Section : Component J511 importing.
        EndSection
        Section : Component C608 importing.
        EndSection
        Section : Component C806 importing.
        EndSection
        Section : Component C807 importing.
        EndSection
        Section : Component C810 importing.
        EndSection
        Section : Component FB801 importing.
        EndSection
        Section : Component FB802 importing.
        EndSection
        Section : Component J504 importing.
        EndSection
        Section : Component J802 importing.
        EndSection
        Section : Component R101 importing.
        EndSection
        Section : Component R102 importing.
        EndSection
        Section : Component R804 importing.
        EndSection
        Section : Component R805 importing.
        EndSection
        Section : Component R1101 importing.
        EndSection
        Section : Component R1102 importing.
        EndSection
        Section : Component R1103 importing.
        EndSection
        Section : Component Y1101 importing.
        EndSection
        Section : Component IC1001 importing.
        EndSection
        Section : Component PB1 importing.
        EndSection
        Section : Component PB2 importing.
        EndSection
        Section : Component J510 importing.
        EndSection
        Section : Component R511 importing.
        EndSection
        Section : Component P103 importing.
        EndSection
        Section : Component R302 importing.
        EndSection
        Section : Component R303 importing.
        EndSection
        Section : Component J301 importing.
        EndSection
        Section : Component J302 importing.
        EndSection
        Section : Component C609 importing.
        EndSection
        Section : Component D601 importing.
        EndSection
        Section : Component R610 importing.
        EndSection
    EndSection
